[0.074s] Invoking command in '/home/tars-go/sb/build/rm_serial_driver': AMENT_PREFIX_PATH=/home/tars-go/sb/install/auto_aim_interfaces:${AMENT_PREFIX_PATH} CMAKE_PREFIX_PATH=/home/tars-go/sb/install/auto_aim_interfaces:/opt/ros/humble LD_LIBRARY_PATH=/home/tars-go/sb/install/auto_aim_interfaces/lib:/opt/ros/humble/opt/rviz_ogre_vendor/lib:/opt/ros/humble/lib/x86_64-linux-gnu:/opt/ros/humble/lib:/opt/MVS/lib/64:/opt/MVS/lib/32:/opt/MVS/lib/64:/opt/MVS/lib/32 PYTHONPATH=/home/tars-go/sb/install/auto_aim_interfaces/local/lib/python3.10/dist-packages:${PYTHONPATH} /usr/bin/cmake /home/tars-go/sb/src/rm_vision/rm_serial_driver-main/rm_serial_driver-main -DCMAKE_INSTALL_PREFIX=/home/tars-go/sb/install/rm_serial_driver
[0.111s] -- The C compiler identification is GNU 11.4.0
[0.161s] -- The CXX compiler identification is GNU 11.4.0
[0.167s] -- Detecting C compiler ABI info
[0.217s] -- Detecting C compiler ABI info - done
[0.226s] -- Check for working C compiler: /usr/bin/cc - skipped
[0.226s] -- Detecting C compile features
[0.226s] -- Detecting C compile features - done
[0.229s] -- Detecting CXX compiler ABI info
[0.289s] -- Detecting CXX compiler ABI info - done
[0.298s] -- Check for working CXX compiler: /usr/bin/c++ - skipped
[0.298s] -- Detecting CXX compile features
[0.298s] -- Detecting CXX compile features - done
[0.300s] -- Found ament_cmake_auto: 1.3.6 (/opt/ros/humble/share/ament_cmake_auto/cmake)
[0.436s] -- Found Python3: /usr/bin/python3.10 (found version "3.10.12") found components: Interpreter 
[0.589s] -- Found rosidl_generator_c: 3.1.5 (/opt/ros/humble/share/rosidl_generator_c/cmake)
[0.592s] -- Found rosidl_adapter: 3.1.5 (/opt/ros/humble/share/rosidl_adapter/cmake)
[0.599s] -- Found rosidl_generator_cpp: 3.1.5 (/opt/ros/humble/share/rosidl_generator_cpp/cmake)
[0.609s] -- Using all available rosidl_typesupport_c: rosidl_typesupport_fastrtps_c;rosidl_typesupport_introspection_c
[0.622s] -- Using all available rosidl_typesupport_cpp: rosidl_typesupport_fastrtps_cpp;rosidl_typesupport_introspection_cpp
[0.671s] -- Found rmw_implementation_cmake: 6.1.1 (/opt/ros/humble/share/rmw_implementation_cmake/cmake)
[0.673s] -- Found rmw_fastrtps_cpp: 6.2.5 (/opt/ros/humble/share/rmw_fastrtps_cpp/cmake)
[0.744s] -- Found OpenSSL: /usr/lib/x86_64-linux-gnu/libcrypto.so (found version "3.0.2")  
[0.768s] -- Found FastRTPS: /opt/ros/humble/include  
[0.804s] -- Using RMW implementation 'rmw_fastrtps_cpp' as default
[0.810s] -- Looking for pthread.h
[0.867s] -- Looking for pthread.h - found
[0.868s] -- Performing Test CMAKE_HAVE_LIBC_PTHREAD
[0.926s] -- Performing Test CMAKE_HAVE_LIBC_PTHREAD - Success
[0.927s] -- Found Threads: TRUE  
[1.364s] -- Found eigen3_cmake_module: 0.1.1 (/opt/ros/humble/share/eigen3_cmake_module/cmake)
[1.365s] -- Found Eigen3: TRUE (found version "3.4.0") 
[1.365s] -- Ensuring Eigen3 include directory is part of orocos-kdl CMake target
[1.599s] -- Found ament_lint_auto: 0.12.9 (/opt/ros/humble/share/ament_lint_auto/cmake)
[1.618s] -- Added test 'cppcheck' to perform static code analysis on C / C++ code
[1.619s] -- Configured cppcheck include dirs: /home/tars-go/sb/src/rm_vision/rm_serial_driver-main/rm_serial_driver-main/include
[1.619s] -- Configured cppcheck exclude dirs and/or files: 
[1.619s] -- Added test 'cpplint' to check C / C++ code against the Google style
[1.619s] -- Configured cpplint exclude dirs and/or files: 
[1.619s] -- Added test 'flake8' to check Python code syntax and style conventions
[1.620s] -- Added test 'lint_cmake' to check CMake code style
[1.620s] -- Added test 'pep257' to check Python code against some of the docstring style conventions in PEP 257
[1.621s] -- Added test 'xmllint' to check XML markup files
[1.622s] -- Configuring done
[1.636s] -- Generating done
[1.637s] -- Build files have been written to: /home/tars-go/sb/build/rm_serial_driver
[1.645s] Invoked command in '/home/tars-go/sb/build/rm_serial_driver' returned '0': AMENT_PREFIX_PATH=/home/tars-go/sb/install/auto_aim_interfaces:${AMENT_PREFIX_PATH} CMAKE_PREFIX_PATH=/home/tars-go/sb/install/auto_aim_interfaces:/opt/ros/humble LD_LIBRARY_PATH=/home/tars-go/sb/install/auto_aim_interfaces/lib:/opt/ros/humble/opt/rviz_ogre_vendor/lib:/opt/ros/humble/lib/x86_64-linux-gnu:/opt/ros/humble/lib:/opt/MVS/lib/64:/opt/MVS/lib/32:/opt/MVS/lib/64:/opt/MVS/lib/32 PYTHONPATH=/home/tars-go/sb/install/auto_aim_interfaces/local/lib/python3.10/dist-packages:${PYTHONPATH} /usr/bin/cmake /home/tars-go/sb/src/rm_vision/rm_serial_driver-main/rm_serial_driver-main -DCMAKE_INSTALL_PREFIX=/home/tars-go/sb/install/rm_serial_driver
[1.646s] Invoking command in '/home/tars-go/sb/build/rm_serial_driver': AMENT_PREFIX_PATH=/home/tars-go/sb/install/auto_aim_interfaces:${AMENT_PREFIX_PATH} CMAKE_PREFIX_PATH=/home/tars-go/sb/install/auto_aim_interfaces:/opt/ros/humble LD_LIBRARY_PATH=/home/tars-go/sb/install/auto_aim_interfaces/lib:/opt/ros/humble/opt/rviz_ogre_vendor/lib:/opt/ros/humble/lib/x86_64-linux-gnu:/opt/ros/humble/lib:/opt/MVS/lib/64:/opt/MVS/lib/32:/opt/MVS/lib/64:/opt/MVS/lib/32 PYTHONPATH=/home/tars-go/sb/install/auto_aim_interfaces/local/lib/python3.10/dist-packages:${PYTHONPATH} /usr/bin/cmake --build /home/tars-go/sb/build/rm_serial_driver -- -j16 -l16
[1.687s] [ 20%] [32mBuilding CXX object CMakeFiles/rm_serial_driver_node.dir/rclcpp_components/node_main_rm_serial_driver_node.cpp.o[0m
[1.689s] [ 60%] [32mBuilding CXX object CMakeFiles/rm_serial_driver.dir/src/rm_serial_driver.cpp.o[0m
[1.690s] [ 60%] [32mBuilding CXX object CMakeFiles/rm_serial_driver.dir/src/crc.cpp.o[0m
[1.906s] [01m[K/home/tars-go/sb/src/rm_vision/rm_serial_driver-main/rm_serial_driver-main/src/rm_serial_driver.cpp:9:10:[m[K [01;31m[Kfatal error: [m[Kserial_driver/serial_driver.hpp: No such file or directory
[1.906s]     9 | #include [01;31m[K<serial_driver/serial_driver.hpp>[m[K
[1.906s]       |          [01;31m[K^~~~~~~~~~~~~~~~~~~~~~~~~~~~~~~~~[m[K
[1.906s] compilation terminated.
[1.909s] gmake[2]: *** [CMakeFiles/rm_serial_driver.dir/build.make:76: CMakeFiles/rm_serial_driver.dir/src/rm_serial_driver.cpp.o] Error 1
[1.909s] gmake[1]: *** [CMakeFiles/Makefile2:139: CMakeFiles/rm_serial_driver.dir/all] Error 2
[1.909s] gmake[1]: *** Waiting for unfinished jobs....
[5.387s] [ 80%] [32m[1mLinking CXX executable rm_serial_driver_node[0m
[5.573s] [ 80%] Built target rm_serial_driver_node
[5.574s] gmake: *** [Makefile:146: all] Error 2
[5.576s] Invoked command in '/home/tars-go/sb/build/rm_serial_driver' returned '2': AMENT_PREFIX_PATH=/home/tars-go/sb/install/auto_aim_interfaces:${AMENT_PREFIX_PATH} CMAKE_PREFIX_PATH=/home/tars-go/sb/install/auto_aim_interfaces:/opt/ros/humble LD_LIBRARY_PATH=/home/tars-go/sb/install/auto_aim_interfaces/lib:/opt/ros/humble/opt/rviz_ogre_vendor/lib:/opt/ros/humble/lib/x86_64-linux-gnu:/opt/ros/humble/lib:/opt/MVS/lib/64:/opt/MVS/lib/32:/opt/MVS/lib/64:/opt/MVS/lib/32 PYTHONPATH=/home/tars-go/sb/install/auto_aim_interfaces/local/lib/python3.10/dist-packages:${PYTHONPATH} /usr/bin/cmake --build /home/tars-go/sb/build/rm_serial_driver -- -j16 -l16
